[90m20:10:20.698 [D] context:80           Create cache directory `/snel/share/data/rodent-ephys/open-ephys/treadmill/sean-pipeline/godzilla/session20221116/2022-11-16_16-19-28_myo/sorted_20250429_195641681545_2022-11-16_16-19-28_myo_Th_10,4_spkTh_6,9,12,15_SCORE_0.287/.phy`.[0m
[90m20:10:20.698 [D] context:80           Create cache directory `/snel/share/data/rodent-ephys/open-ephys/treadmill/sean-pipeline/godzilla/session20221116/2022-11-16_16-19-28_myo/sorted_20250429_195641681545_2022-11-16_16-19-28_myo_Th_10,4_spkTh_6,9,12,15_SCORE_0.287/.phy`.[0m
[90m20:10:20.738 [D] context:100          Initialize joblib cache dir at `/snel/share/data/rodent-ephys/open-ephys/treadmill/sean-pipeline/godzilla/session20221116/2022-11-16_16-19-28_myo/sorted_20250429_195641681545_2022-11-16_16-19-28_myo_Th_10,4_spkTh_6,9,12,15_SCORE_0.287/.phy`.[0m
[90m20:10:20.738 [D] context:100          Initialize joblib cache dir at `/snel/share/data/rodent-ephys/open-ephys/treadmill/sean-pipeline/godzilla/session20221116/2022-11-16_16-19-28_myo/sorted_20250429_195641681545_2022-11-16_16-19-28_myo_Th_10,4_spkTh_6,9,12,15_SCORE_0.287/.phy`.[0m
[90m20:10:20.738 [D] context:101          Reducing the size of the cache if needed.[0m
[90m20:10:20.738 [D] context:101          Reducing the size of the cache if needed.[0m
[90m20:10:20.739 [D] base:102             Add filter `high_pass`.[0m
[90m20:10:20.739 [D] base:102             Add filter `high_pass`.[0m
[90m20:10:20.739 [D] config:31            Load config file `/home/smoconn/.phy/phy_config.py`.[0m
[90m20:10:20.739 [D] config:31            Load config file `/home/smoconn/.phy/phy_config.py`.[0m
[90m20:10:20.740 [D] plugin:74            Scanning `/home/smoconn/.phy/plugins`.[0m
[90m20:10:20.740 [D] plugin:74            Scanning `/home/smoconn/.phy/plugins`.[0m
[90m20:10:20.740 [D] plugin:78            Found plugin module `n_spikes_views.py`.[0m
[90m20:10:20.740 [D] plugin:78            Found plugin module `n_spikes_views.py`.[0m
[90m20:10:20.741 [D] plugin:36            Register plugin `n_spikes_views.ExampleNspikesViewsPlugin`.[0m
[90m20:10:20.741 [D] plugin:36            Register plugin `n_spikes_views.ExampleNspikesViewsPlugin`.[0m
[90m20:10:20.741 [D] plugin:145           Loading 1 plugins.[0m
[90m20:10:20.741 [D] plugin:145           Loading 1 plugins.[0m
[90m20:10:20.741 [D] plugin:156           Attached plugin ExampleNspikesViewsPlugin.[0m
[90m20:10:20.741 [D] plugin:156           Attached plugin ExampleNspikesViewsPlugin.[0m
[90m20:10:20.748 [D] context:209          The file `/snel/share/data/rodent-ephys/open-ephys/treadmill/sean-pipeline/godzilla/session20221116/2022-11-16_16-19-28_myo/sorted_20250429_195641681545_2022-11-16_16-19-28_myo_Th_10,4_spkTh_6,9,12,15_SCORE_0.287/.phy/new_cluster_id.pkl` doesn't exist.[0m
[90m20:10:20.748 [D] context:209          The file `/snel/share/data/rodent-ephys/open-ephys/treadmill/sean-pipeline/godzilla/session20221116/2022-11-16_16-19-28_myo/sorted_20250429_195641681545_2022-11-16_16-19-28_myo_Th_10,4_spkTh_6,9,12,15_SCORE_0.287/.phy/new_cluster_id.pkl` doesn't exist.[0m
[90m20:10:20.748 [D] context:209          The file `/snel/share/data/rodent-ephys/open-ephys/treadmill/sean-pipeline/godzilla/session20221116/2022-11-16_16-19-28_myo/sorted_20250429_195641681545_2022-11-16_16-19-28_myo_Th_10,4_spkTh_6,9,12,15_SCORE_0.287/.phy/spikes_per_cluster.pkl` doesn't exist.[0m
[90m20:10:20.748 [D] context:209          The file `/snel/share/data/rodent-ephys/open-ephys/treadmill/sean-pipeline/godzilla/session20221116/2022-11-16_16-19-28_myo/sorted_20250429_195641681545_2022-11-16_16-19-28_myo_Th_10,4_spkTh_6,9,12,15_SCORE_0.287/.phy/spikes_per_cluster.pkl` doesn't exist.[0m
[90m20:10:20.750 [D] clustering:237       Recompute spikes_per_cluster manually: this might take a while.[0m
[90m20:10:20.750 [D] clustering:237       Recompute spikes_per_cluster manually: this might take a while.[0m
[90m20:10:20.755 [D] context:185          Save data to `/snel/share/data/rodent-ephys/open-ephys/treadmill/sean-pipeline/godzilla/session20221116/2022-11-16_16-19-28_myo/sorted_20250429_195641681545_2022-11-16_16-19-28_myo_Th_10,4_spkTh_6,9,12,15_SCORE_0.287/.phy/spikes_per_cluster.pkl`.[0m
[90m20:10:20.755 [D] context:185          Save data to `/snel/share/data/rodent-ephys/open-ephys/treadmill/sean-pipeline/godzilla/session20221116/2022-11-16_16-19-28_myo/sorted_20250429_195641681545_2022-11-16_16-19-28_myo_Th_10,4_spkTh_6,9,12,15_SCORE_0.287/.phy/spikes_per_cluster.pkl`.[0m
[90m20:10:20.759 [D] gui:463              Creating GUI.[0m
[90m20:10:20.759 [D] gui:463              Creating GUI.[0m
[90m20:10:20.771 [D] state:46             Load /home/smoconn/.phy/TemplateGUI/state.json for GUIState.[0m
[90m20:10:20.771 [D] state:46             Load /home/smoconn/.phy/TemplateGUI/state.json for GUIState.[0m
[90m20:10:20.969 [D] gui:718              Add view ClusterView to GUI.[0m
[90m20:10:20.969 [D] gui:718              Add view ClusterView to GUI.[0m
[90m20:10:20.973 [D] gui:718              Add view SimilarityView to GUI.[0m
[90m20:10:20.973 [D] gui:718              Add view SimilarityView to GUI.[0m
[90m20:10:21.003 [D] gui:718              Add view WaveformView to GUI.[0m
[90m20:10:21.003 [D] gui:718              Add view WaveformView to GUI.[0m
[90m20:10:21.005 [D] base:337             Set state for WaveformView.[0m
[90m20:10:21.005 [D] base:337             Set state for WaveformView.[0m
[90m20:10:21.021 [D] gui:718              Add view WaveformView to GUI.[0m
[90m20:10:21.021 [D] gui:718              Add view WaveformView to GUI.[0m
[90m20:10:21.022 [D] base:337             Set state for WaveformView (1).[0m
[90m20:10:21.022 [D] base:337             Set state for WaveformView (1).[0m
[90m20:10:21.038 [D] gui:718              Add view WaveformView to GUI.[0m
[90m20:10:21.038 [D] gui:718              Add view WaveformView to GUI.[0m
[90m20:10:21.039 [D] base:337             Set state for WaveformView (2).[0m
[90m20:10:21.039 [D] base:337             Set state for WaveformView (2).[0m
[90m20:10:21.054 [D] gui:718              Add view WaveformView to GUI.[0m
[90m20:10:21.054 [D] gui:718              Add view WaveformView to GUI.[0m
[90m20:10:21.055 [D] base:337             Set state for WaveformView (3).[0m
[90m20:10:21.055 [D] base:337             Set state for WaveformView (3).[0m
[90m20:10:21.071 [D] gui:718              Add view WaveformView to GUI.[0m
[90m20:10:21.071 [D] gui:718              Add view WaveformView to GUI.[0m
[90m20:10:21.072 [D] base:337             Set state for WaveformView (4).[0m
[90m20:10:21.072 [D] base:337             Set state for WaveformView (4).[0m
[90m20:10:21.081 [D] gui:718              Add view CorrelogramView to GUI.[0m
[90m20:10:21.081 [D] gui:718              Add view CorrelogramView to GUI.[0m
[90m20:10:21.082 [D] base:337             Set state for CorrelogramView.[0m
[90m20:10:21.082 [D] base:337             Set state for CorrelogramView.[0m
[90m20:10:21.102 [D] gui:718              Add view ISIView to GUI.[0m
[90m20:10:21.102 [D] gui:718              Add view ISIView to GUI.[0m
[90m20:10:21.103 [D] base:337             Set state for ISIView.[0m
[90m20:10:21.103 [D] base:337             Set state for ISIView.[0m
[90m20:10:21.115 [D] gui:718              Add view FeatureView to GUI.[0m
[90m20:10:21.115 [D] gui:718              Add view FeatureView to GUI.[0m
[90m20:10:21.116 [D] base:337             Set state for FeatureView.[0m
[90m20:10:21.116 [D] base:337             Set state for FeatureView.[0m
[90m20:10:21.134 [D] gui:718              Add view AmplitudeView to GUI.[0m
[90m20:10:21.134 [D] gui:718              Add view AmplitudeView to GUI.[0m
[90m20:10:21.135 [D] base:337             Set state for AmplitudeView.[0m
[90m20:10:21.135 [D] base:337             Set state for AmplitudeView.[0m
[90m20:10:21.154 [D] gui:718              Add view AmplitudeView to GUI.[0m
[90m20:10:21.154 [D] gui:718              Add view AmplitudeView to GUI.[0m
[90m20:10:21.155 [D] base:337             Set state for AmplitudeView (1).[0m
[90m20:10:21.155 [D] base:337             Set state for AmplitudeView (1).[0m
[90m20:10:21.173 [D] gui:718              Add view AmplitudeView to GUI.[0m
[90m20:10:21.173 [D] gui:718              Add view AmplitudeView to GUI.[0m
[90m20:10:21.174 [D] base:337             Set state for AmplitudeView (2).[0m
[90m20:10:21.174 [D] base:337             Set state for AmplitudeView (2).[0m
[90m20:10:21.193 [D] gui:718              Add view AmplitudeView to GUI.[0m
[90m20:10:21.193 [D] gui:718              Add view AmplitudeView to GUI.[0m
[90m20:10:21.194 [D] base:337             Set state for AmplitudeView (3).[0m
[90m20:10:21.194 [D] base:337             Set state for AmplitudeView (3).[0m
[90m20:10:21.213 [D] gui:718              Add view FiringRateView to GUI.[0m
[90m20:10:21.213 [D] gui:718              Add view FiringRateView to GUI.[0m
[90m20:10:21.214 [D] base:337             Set state for FiringRateView.[0m
[90m20:10:21.214 [D] base:337             Set state for FiringRateView.[0m
[90m20:10:21.289 [D] gui:718              Add view TraceView to GUI.[0m
[90m20:10:21.289 [D] gui:718              Add view TraceView to GUI.[0m
[90m20:10:21.290 [D] base:337             Set state for TraceView.[0m
[90m20:10:21.290 [D] base:337             Set state for TraceView.[0m
[90m20:10:21.290 [D] base:494             Set color scheme to random.[0m
[90m20:10:21.290 [D] base:494             Set color scheme to random.[0m
[90m20:10:21.294 [D] base:1626            Adding default color schemes to TraceView.[0m
[90m20:10:21.294 [D] base:1626            Adding default color schemes to TraceView.[0m
[90m20:10:21.314 [D] gui:718              Add view TemplateView to GUI.[0m
[90m20:10:21.314 [D] gui:718              Add view TemplateView to GUI.[0m
[90m20:10:21.315 [D] base:337             Set state for TemplateView.[0m
[90m20:10:21.315 [D] base:337             Set state for TemplateView.[0m
[90m20:10:21.315 [D] base:494             Set color scheme to random.[0m
[90m20:10:21.315 [D] base:494             Set color scheme to random.[0m
[90m20:10:21.316 [D] base:1626            Adding default color schemes to TemplateView.[0m
[90m20:10:21.316 [D] base:1626            Adding default color schemes to TemplateView.[0m
[90m20:10:21.342 [D] gui:519              Load the geometry state.[0m
[90m20:10:21.342 [D] gui:519              Load the geometry state.[0m
[90m20:10:42.436 [D] supervisor:817       Clusters selected: [21] (7)[0m
[90m20:10:42.436 [D] supervisor:817       Clusters selected: [21] (7)[0m
[90m20:10:44.678 [D] supervisor:817       Clusters selected: [21, 7] (5)[0m
[90m20:10:44.678 [D] supervisor:817       Clusters selected: [21, 7] (5)[0m
[90m20:10:45.609 [D] supervisor:817       Clusters selected: [21, 7, 22] (17)[0m
[90m20:10:45.609 [D] supervisor:817       Clusters selected: [21, 7, 22] (17)[0m
[90m20:10:46.929 [D] supervisor:817       Clusters selected: [21, 7, 22, 15] (4)[0m
[90m20:10:46.929 [D] supervisor:817       Clusters selected: [21, 7, 22, 15] (4)[0m
[90m20:10:47.622 [D] supervisor:817       Clusters selected: [21, 7, 22, 15, 12] (3)[0m
[90m20:10:47.622 [D] supervisor:817       Clusters selected: [21, 7, 22, 15, 12] (3)[0m
[90m20:10:50.631 [D] supervisor:817       Clusters selected: [21, 7, 22, 15, 12, 3] (16)[0m
[90m20:10:50.631 [D] supervisor:817       Clusters selected: [21, 7, 22, 15, 12, 3] (16)[0m
[90m20:10:53.202 [D] supervisor:817       Clusters selected: [21, 7, 22, 15, 12, 3, 16] (14)[0m
[90m20:10:53.202 [D] supervisor:817       Clusters selected: [21, 7, 22, 15, 12, 3, 16] (14)[0m
[90m20:10:55.864 [D] supervisor:817       Clusters selected: [21, 7, 22, 15, 12, 3, 16, 19] (20)[0m
[90m20:10:55.864 [D] supervisor:817       Clusters selected: [21, 7, 22, 15, 12, 3, 16, 19] (20)[0m
[90m20:10:59.340 [D] supervisor:817       Clusters selected: [21, 7, 22, 15, 12, 3, 16, 19, 20] (1)[0m
[90m20:10:59.340 [D] supervisor:817       Clusters selected: [21, 7, 22, 15, 12, 3, 16, 19, 20] (1)[0m
[90m20:11:04.711 [D] supervisor:817       Clusters selected: [21, 7, 22, 15, 12, 3, 16, 19] (20)[0m
[90m20:11:04.711 [D] supervisor:817       Clusters selected: [21, 7, 22, 15, 12, 3, 16, 19] (20)[0m
[90m20:11:05.825 [D] supervisor:817       Clusters selected: [21, 7, 22, 15, 12, 3, 16, 19, 1] (0)[0m
[90m20:11:05.825 [D] supervisor:817       Clusters selected: [21, 7, 22, 15, 12, 3, 16, 19, 1] (0)[0m
[90m20:11:10.111 [D] supervisor:817       Clusters selected: [21, 7, 22, 15, 12, 3, 16, 19, 1, 0] (11)[0m
[90m20:11:10.111 [D] supervisor:817       Clusters selected: [21, 7, 22, 15, 12, 3, 16, 19, 1, 0] (11)[0m
[90m20:11:22.869 [D] waveform:495         Switch to waveforms type waveforms.[0m
[90m20:11:22.869 [D] waveform:495         Switch to waveforms type waveforms.[0m
[90m20:11:26.123 [D] waveform:495         Switch to waveforms type mean_waveforms.[0m
[90m20:11:26.123 [D] waveform:495         Switch to waveforms type mean_waveforms.[0m
[90m20:11:56.360 [D] waveform:495         Switch to waveforms type templates.[0m
[90m20:11:56.360 [D] waveform:495         Switch to waveforms type templates.[0m
[90m20:57:45.727 [D] state:171            Update GUI state for ClusterView[0m
[90m20:57:45.727 [D] state:171            Update GUI state for ClusterView[0m
[90m20:57:45.731 [D] state:171            Update GUI state for WaveformView[0m
[90m20:57:45.731 [D] state:171            Update GUI state for WaveformView[0m
[90m20:57:45.731 [D] state:171            Update GUI state for WaveformView (1)[0m
[90m20:57:45.731 [D] state:171            Update GUI state for WaveformView (1)[0m
[90m20:57:45.731 [D] state:171            Update GUI state for WaveformView (2)[0m
[90m20:57:45.731 [D] state:171            Update GUI state for WaveformView (2)[0m
[90m20:57:45.731 [D] state:171            Update GUI state for WaveformView (3)[0m
[90m20:57:45.731 [D] state:171            Update GUI state for WaveformView (3)[0m
[90m20:57:45.731 [D] state:171            Update GUI state for WaveformView (4)[0m
[90m20:57:45.731 [D] state:171            Update GUI state for WaveformView (4)[0m
[90m20:57:45.731 [D] state:171            Update GUI state for CorrelogramView[0m
[90m20:57:45.731 [D] state:171            Update GUI state for CorrelogramView[0m
[90m20:57:45.731 [D] state:171            Update GUI state for ISIView[0m
[90m20:57:45.731 [D] state:171            Update GUI state for ISIView[0m
[90m20:57:45.731 [D] state:171            Update GUI state for FeatureView[0m
[90m20:57:45.731 [D] state:171            Update GUI state for FeatureView[0m
[90m20:57:45.731 [D] state:171            Update GUI state for AmplitudeView[0m
[90m20:57:45.731 [D] state:171            Update GUI state for AmplitudeView[0m
[90m20:57:45.731 [D] state:171            Update GUI state for AmplitudeView (1)[0m
[90m20:57:45.731 [D] state:171            Update GUI state for AmplitudeView (1)[0m
[90m20:57:45.731 [D] state:171            Update GUI state for AmplitudeView (2)[0m
[90m20:57:45.731 [D] state:171            Update GUI state for AmplitudeView (2)[0m
[90m20:57:45.731 [D] state:171            Update GUI state for AmplitudeView (3)[0m
[90m20:57:45.731 [D] state:171            Update GUI state for AmplitudeView (3)[0m
[90m20:57:45.731 [D] state:171            Update GUI state for FiringRateView[0m
[90m20:57:45.731 [D] state:171            Update GUI state for FiringRateView[0m
[90m20:57:45.731 [D] state:171            Update GUI state for TraceView[0m
[90m20:57:45.731 [D] state:171            Update GUI state for TraceView[0m
[90m20:57:45.732 [D] state:171            Update GUI state for TemplateView[0m
[90m20:57:45.732 [D] state:171            Update GUI state for TemplateView[0m
[90m20:57:45.732 [D] context:138          Save memcache for `phy.apps.base._get_mean_waveforms`.[0m
[90m20:57:45.732 [D] context:138          Save memcache for `phy.apps.base._get_mean_waveforms`.[0m
[90m20:57:45.752 [D] context:138          Save memcache for `phy.apps.base._get_template_waveforms`.[0m
[90m20:57:45.752 [D] context:138          Save memcache for `phy.apps.base._get_template_waveforms`.[0m
[90m20:57:45.754 [D] context:138          Save memcache for `phy.apps.base.get_mean_spike_template_amplitudes`.[0m
[90m20:57:45.754 [D] context:138          Save memcache for `phy.apps.base.get_mean_spike_template_amplitudes`.[0m
[90m20:57:45.754 [D] context:138          Save memcache for `phy.apps.base.get_template_counts`.[0m
[90m20:57:45.754 [D] context:138          Save memcache for `phy.apps.base.get_template_counts`.[0m
[90m20:57:45.755 [D] context:138          Save memcache for `phy.apps.base.get_template_for_cluster`.[0m
[90m20:57:45.755 [D] context:138          Save memcache for `phy.apps.base.get_template_for_cluster`.[0m
[90m20:57:45.756 [D] context:138          Save memcache for `phy.apps.template.gui.get_template_amplitude`.[0m
[90m20:57:45.756 [D] context:138          Save memcache for `phy.apps.template.gui.get_template_amplitude`.[0m
[90m20:57:45.757 [D] context:138          Save memcache for `phy.apps.base.get_cluster_amplitude`.[0m
[90m20:57:45.757 [D] context:138          Save memcache for `phy.apps.base.get_cluster_amplitude`.[0m
[90m20:57:45.757 [D] context:138          Save memcache for `phy.apps.base.get_mean_firing_rate`.[0m
[90m20:57:45.757 [D] context:138          Save memcache for `phy.apps.base.get_mean_firing_rate`.[0m
[90m20:57:45.758 [D] context:138          Save memcache for `phy.apps.base.get_best_channel`.[0m
[90m20:57:45.758 [D] context:138          Save memcache for `phy.apps.base.get_best_channel`.[0m
[90m20:57:45.759 [D] context:138          Save memcache for `phy.apps.template.gui.get_best_channels`.[0m
[90m20:57:45.759 [D] context:138          Save memcache for `phy.apps.template.gui.get_best_channels`.[0m
[90m20:57:45.760 [D] context:138          Save memcache for `phy.apps.base.get_channel_shank`.[0m
[90m20:57:45.760 [D] context:138          Save memcache for `phy.apps.base.get_channel_shank`.[0m
[90m20:57:45.760 [D] context:138          Save memcache for `phy.apps.base.get_probe_depth`.[0m
[90m20:57:45.760 [D] context:138          Save memcache for `phy.apps.base.get_probe_depth`.[0m
[90m20:57:45.763 [D] context:138          Save memcache for `phy.apps.base.peak_channel_similarity`.[0m
[90m20:57:45.763 [D] context:138          Save memcache for `phy.apps.base.peak_channel_similarity`.[0m
[90m20:57:45.763 [D] gui:600              Save the geometry state.[0m
[90m20:57:45.763 [D] gui:600              Save the geometry state.[0m
[90m20:57:45.764 [D] state:218            Save global GUI state to `/home/smoconn/.phy/TemplateGUI/state.json`.[0m
[90m20:57:45.764 [D] state:218            Save global GUI state to `/home/smoconn/.phy/TemplateGUI/state.json`.[0m
[90m20:57:45.767 [D] state:232            Save local GUI state to `/snel/share/data/rodent-ephys/open-ephys/treadmill/sean-pipeline/godzilla/session20221116/2022-11-16_16-19-28_myo/sorted_20250429_195641681545_2022-11-16_16-19-28_myo_Th_10,4_spkTh_6,9,12,15_SCORE_0.287/.phy/state.json`.[0m
[90m20:57:45.767 [D] state:232            Save local GUI state to `/snel/share/data/rodent-ephys/open-ephys/treadmill/sean-pipeline/godzilla/session20221116/2022-11-16_16-19-28_myo/sorted_20250429_195641681545_2022-11-16_16-19-28_myo_Th_10,4_spkTh_6,9,12,15_SCORE_0.287/.phy/state.json`.[0m
[90m20:57:45.777 [D] __init__:87          Stop capturing exceptions.[0m
[90m20:57:45.777 [D] __init__:87          Stop capturing exceptions.[0m
